<?xml version="1.0" encoding="UTF-8"?>
<testsuite xmlns:xsi="http://www.w3.org/2001/XMLSchema-instance" xsi:noNamespaceSchemaLocation="https://maven.apache.org/surefire/maven-surefire-plugin/xsd/surefire-test-report.xsd" version="3.0.2" name="com.universidad.MiProyectoSpringBootApplicationTests" time="2.394" tests="1" errors="0" skipped="0" failures="0">
  <properties>
[...]
</properties>
  <testcase name="contextLoads" classname="com.universidad.MiProyectoSpringBootApplicationTests" time="0.655">
    <system-out><![CDATA[22:50:32.429 [main] INFO org.springframework.test.context.support.AnnotationConfigContextLoaderUtils -- Could not detect default configuration classes for test class [com.universidad.MiProyectoSpringBootApplicationTests]: MiProyectoSpringBootApplicationTests does not declare any static, non-private, non-final, nested classes annotated with @Configuration.
22:50:32.530 [main] INFO org.springframework.boot.test.context.SpringBootTestContextBootstrapper -- Found @SpringBootConfiguration com.universidad.UniversidadApplication for test class com.universidad.MiProyectoSpringBootApplicationTests

  .   ____          _            __ _ _
 /\\ / ___'_ __ _ _(_)_ __  __ _ \ \ \ \
( ( )\___ | '_ | '_| | '_ \/ _` | \ \ \ \
 \\/  ___)| |_)| | | | | || (_| |  ) ) ) )
  '  |____| .__|_| |_|_| |_\__, | / / / /
 =========|_|==============|___/=/_/_/_/

 :: Spring Boot ::                (v3.4.4)

2025-03-30T22:50:32.961-04:00  INFO 23856 --- [mi-proyecto-spring-boot] [           main] c.u.MiProyectoSpringBootApplicationTests : Starting MiProyectoSpringBootApplicationTests using Java 21.0.6 with PID 23856 (started by RYZEN 5 in C:\Users\RYZEN 5\Downloads\mi-proyecto-spring-boot\mi-proyecto-spring-boot)
2025-03-30T22:50:32.962-04:00  INFO 23856 --- [mi-proyecto-spring-boot] [           main] c.u.MiProyectoSpringBootApplicationTests : No active profile set, falling back to 1 default profile: "default"
2025-03-30T22:50:34.019-04:00  INFO 23856 --- [mi-proyecto-spring-boot] [           main] c.u.MiProyectoSpringBootApplicationTests : Started MiProyectoSpringBootApplicationTests in 1.333 seconds (process running for 2.174)
]]></system-out>
    <system-err><![CDATA[Mockito is currently self-attaching to enable the inline-mock-maker. This will no longer work in future releases of the JDK. Please add Mockito as an agent to your build what is described in Mockito's documentation: https://javadoc.io/doc/org.mockito/mockito-core/latest/org/mockito/Mockito.html#0.3
WARNING: A Java agent has been loaded dynamically (C:\Users\RYZEN 5\.m2\repository\net\bytebuddy\byte-buddy-agent\1.15.11\byte-buddy-agent-1.15.11.jar)
WARNING: If a serviceability tool is in use, please run with -XX:+EnableDynamicAgentLoading to hide this warning
WARNING: If a serviceability tool is not in use, please run with -Djdk.instrument.traceUsage for more information
WARNING: Dynamic loading of agents will be disallowed by default in a future release
]]></system-err>
  </testcase>
</testsuite>